<?xml version="1.0" encoding="UTF-8"?>
<!-- Generated by org.testng.reporters.JUnitReportReporter -->
<testsuite hostname="DESKTOP-5QOIQM6" failures="0" tests="1" name="util.BrowserFactory" time="2.870" errors="0" timestamp="2022-05-16T23:30:22 EDT" skipped="0">
  <testcase classname="util.BrowserFactory" name="init" time="2.870"/>
  <system-out/>
</testsuite> <!-- util.BrowserFactory -->
