<?xml version="1.0" encoding="UTF-8"?>
<!-- Generated by org.testng.reporters.JUnitReportReporter -->
<testsuite hostname="DESKTOP-5QOIQM6" failures="0" tests="1" name="test.AddContactTest" time="6.249" errors="0" timestamp="2022-05-21T22:14:24 EDT" skipped="0">
  <testcase classname="test.AddContactTest" name="validUserShouldBeAbleToSave" time="6.249"/>
  <system-out/>
</testsuite> <!-- test.AddContactTest -->
