<?xml version="1.0" encoding="UTF-8"?>
<!-- Generated by org.testng.reporters.JUnitReportReporter -->
<testsuite hostname="DESKTOP-5QOIQM6" failures="0" tests="1" name="test.LoginTest" time="8.046" errors="0" timestamp="2022-05-21T22:13:41 EDT" skipped="0">
  <testcase classname="test.LoginTest" name="validUserShouldBeAbleToLogIn" time="8.046"/>
  <system-out/>
</testsuite> <!-- test.LoginTest -->
